[2021-06-28T09:21:43.673] [DEBUG] cheese - login => username:leo,password:Ym79136969
[2021-06-28T09:21:43.688] [DEBUG] cheese - leo
[2021-06-28T09:21:43.777] [DEBUG] cheese - null
[2021-06-28T09:21:43.779] [DEBUG] cheese - null
[2021-06-28T09:22:16.996] [DEBUG] cheese - login => username:admin,password:123456
[2021-06-28T09:22:16.997] [DEBUG] cheese - admin
[2021-06-28T09:22:17.005] [DEBUG] cheese - null
[2021-06-28T09:22:17.005] [DEBUG] cheese - null
[2021-06-28T16:08:21.807] [DEBUG] cheese - login => username:leo,password:1234343
[2021-06-28T16:08:21.810] [DEBUG] cheese - leo
[2021-06-28T16:08:21.853] [DEBUG] cheese - null
[2021-06-28T16:08:21.854] [DEBUG] cheese - null
[2021-06-28T16:09:46.865] [DEBUG] cheese - login => username:leo,password:1234564
[2021-06-28T16:09:46.866] [DEBUG] cheese - leo
[2021-06-28T16:09:46.868] [DEBUG] cheese - null
[2021-06-28T16:09:46.868] [DEBUG] cheese - null
[2021-06-28T17:19:55.626] [DEBUG] cheese - login => username:leo,password:12343443
[2021-06-28T17:19:55.627] [DEBUG] cheese - leo
[2021-06-28T17:19:55.655] [DEBUG] cheese - null
[2021-06-28T17:19:55.656] [DEBUG] cheese - null
[2021-06-28T17:20:03.316] [DEBUG] cheese - login => username:admin,password:123456
[2021-06-28T17:20:03.316] [DEBUG] cheese - admin
[2021-06-28T17:20:03.324] [DEBUG] cheese - null
[2021-06-28T17:20:03.324] [DEBUG] cheese - null
[2021-06-28T17:26:15.663] [DEBUG] cheese - login => username:admin,password:123456
[2021-06-28T17:26:15.663] [DEBUG] cheese - admin
[2021-06-28T17:26:15.685] [DEBUG] cheese - null
[2021-06-28T17:26:15.685] [DEBUG] cheese - null
[2021-06-28T17:27:44.443] [DEBUG] cheese - login => username:admin,password:123456
[2021-06-28T17:27:44.443] [DEBUG] cheese - admin
[2021-06-28T17:27:44.447] [DEBUG] cheese - null
[2021-06-28T17:27:44.447] [DEBUG] cheese - null
[2021-06-28T17:31:00.514] [DEBUG] cheese - login => username:admin,password:123456
[2021-06-28T17:31:00.515] [DEBUG] cheese - admin
[2021-06-28T17:31:00.538] [DEBUG] cheese - null
[2021-06-28T17:31:00.538] [DEBUG] cheese - null
[2021-06-28T19:13:45.051] [DEBUG] cheese - login => username:admin,password:123456
[2021-06-28T19:13:45.051] [DEBUG] cheese - admin
[2021-06-28T19:13:45.074] [DEBUG] cheese - null
[2021-06-28T19:13:45.074] [DEBUG] cheese - null
[2021-06-28T19:55:36.010] [DEBUG] cheese - login => username:admin,password:123456
[2021-06-28T19:55:36.010] [DEBUG] cheese - admin
[2021-06-28T19:55:36.036] [DEBUG] cheese - null
[2021-06-28T19:55:36.036] [DEBUG] cheese - null
[2021-06-28T19:59:31.206] [DEBUG] cheese - login => username:admin,password:123456
[2021-06-28T19:59:31.206] [DEBUG] cheese - admin
[2021-06-28T19:59:31.208] [DEBUG] cheese - null
[2021-06-28T19:59:31.208] [DEBUG] cheese - null
[2021-06-28T19:59:36.304] [DEBUG] cheese - login => username:admin,password:123456
[2021-06-28T19:59:36.304] [DEBUG] cheese - admin
[2021-06-28T19:59:36.306] [DEBUG] cheese - null
[2021-06-28T19:59:36.307] [DEBUG] cheese - null
[2021-06-28T20:41:58.840] [DEBUG] cheese - login => username:admin,password:123456
[2021-06-28T20:41:58.859] [DEBUG] cheese - admin
[2021-06-28T20:41:58.866] [DEBUG] cheese - null
[2021-06-28T20:41:58.867] [DEBUG] cheese - null
[2021-06-28T20:42:04.175] [DEBUG] cheese - login => username:admin,password:12345623
[2021-06-28T20:42:04.175] [DEBUG] cheese - admin
[2021-06-28T20:42:04.177] [DEBUG] cheese - null
[2021-06-28T20:42:04.177] [DEBUG] cheese - null
[2021-06-28T20:42:06.918] [DEBUG] cheese - login => username:admin,password:123456
[2021-06-28T20:42:06.918] [DEBUG] cheese - admin
[2021-06-28T20:42:06.920] [DEBUG] cheese - null
[2021-06-28T20:42:06.920] [DEBUG] cheese - null
[2021-06-28T22:17:52.135] [DEBUG] cheese - login => username:admin,password:123456
[2021-06-28T22:17:52.136] [DEBUG] cheese - admin
[2021-06-28T22:17:52.162] [DEBUG] cheese - null
[2021-06-28T22:17:52.162] [DEBUG] cheese - null
[2021-06-28T22:18:13.989] [DEBUG] cheese - login => username:admin,password:123456
[2021-06-28T22:18:13.989] [DEBUG] cheese - admin
[2021-06-28T22:18:13.992] [DEBUG] cheese - null
[2021-06-28T22:18:13.992] [DEBUG] cheese - null
[2021-06-29T08:14:30.622] [DEBUG] cheese - login => username:admin,password:123456
[2021-06-29T08:14:30.624] [DEBUG] cheese - admin
[2021-06-29T08:14:30.701] [DEBUG] cheese - null
[2021-06-29T08:14:30.702] [DEBUG] cheese - null
[2021-06-29T08:14:35.346] [DEBUG] cheese - login => username:admin,password:123456
[2021-06-29T08:14:35.346] [DEBUG] cheese - admin
[2021-06-29T08:14:35.350] [DEBUG] cheese - null
[2021-06-29T08:14:35.350] [DEBUG] cheese - null
[2021-06-29T08:14:40.659] [DEBUG] cheese - login => username:admin22,password:123456
[2021-06-29T08:14:40.659] [DEBUG] cheese - admin22
[2021-06-29T08:14:40.662] [DEBUG] cheese - null
[2021-06-29T08:14:40.662] [DEBUG] cheese - null
[2021-06-29T08:15:57.000] [DEBUG] cheese - login => username:admin,password:123456
[2021-06-29T08:15:57.001] [DEBUG] cheese - admin
[2021-06-29T08:15:57.003] [DEBUG] cheese - null
[2021-06-29T08:15:57.003] [DEBUG] cheese - null
[2021-06-29T08:16:11.278] [DEBUG] cheese - login => username:admin,password:123456
[2021-06-29T08:16:11.278] [DEBUG] cheese - admin
[2021-06-29T08:16:11.280] [DEBUG] cheese - null
[2021-06-29T08:16:11.280] [DEBUG] cheese - null
[2021-06-29T08:16:23.755] [DEBUG] cheese - login => username:admin,password:12345633
[2021-06-29T08:16:23.755] [DEBUG] cheese - admin
[2021-06-29T08:16:23.758] [DEBUG] cheese - null
[2021-06-29T08:16:23.759] [DEBUG] cheese - null
[2021-06-29T08:16:32.058] [DEBUG] cheese - login => username:admin,password:123456
[2021-06-29T08:16:32.058] [DEBUG] cheese - admin
[2021-06-29T08:16:32.061] [DEBUG] cheese - null
[2021-06-29T08:16:32.061] [DEBUG] cheese - null
[2021-06-29T08:16:46.578] [DEBUG] cheese - login => username:admin,password:123456
[2021-06-29T08:16:46.578] [DEBUG] cheese - admin
[2021-06-29T08:16:46.580] [DEBUG] cheese - null
[2021-06-29T08:16:46.580] [DEBUG] cheese - null
[2021-06-29T08:24:16.864] [DEBUG] cheese - login => username:admin,password:123456
[2021-06-29T08:24:16.864] [DEBUG] cheese - admin
[2021-06-29T08:24:16.867] [DEBUG] cheese - null
[2021-06-29T08:24:16.867] [DEBUG] cheese - null
[2021-06-29T08:29:33.806] [DEBUG] cheese - login => username:admin,password:123456
[2021-06-29T08:29:33.806] [DEBUG] cheese - admin
[2021-06-29T08:29:33.809] [DEBUG] cheese - null
[2021-06-29T08:29:33.809] [DEBUG] cheese - null
[2021-06-29T09:20:31.812] [DEBUG] cheese - login => username:admin,password:123456
[2021-06-29T09:20:31.812] [DEBUG] cheese - admin
[2021-06-29T09:20:31.817] [DEBUG] cheese - null
[2021-06-29T09:20:31.817] [DEBUG] cheese - null
[2021-06-29T09:33:14.399] [DEBUG] cheese - login => username:admin,password:123456
[2021-06-29T09:33:14.399] [DEBUG] cheese - admin
[2021-06-29T09:33:14.402] [DEBUG] cheese - null
[2021-06-29T09:33:14.402] [DEBUG] cheese - null
[2021-06-29T10:39:18.546] [DEBUG] cheese - login => username:admin,password:123456
[2021-06-29T10:39:18.546] [DEBUG] cheese - admin
[2021-06-29T10:39:18.551] [DEBUG] cheese - null
[2021-06-29T10:39:18.552] [DEBUG] cheese - null
[2021-06-29T10:42:41.868] [DEBUG] cheese - login => username:admin,password:123456
[2021-06-29T10:42:41.868] [DEBUG] cheese - admin
[2021-06-29T10:42:41.870] [DEBUG] cheese - null
[2021-06-29T10:42:41.870] [DEBUG] cheese - null
[2021-06-29T10:42:56.669] [DEBUG] cheese - login => username:admin,password:123456
[2021-06-29T10:42:56.669] [DEBUG] cheese - admin
[2021-06-29T10:42:56.671] [DEBUG] cheese - null
[2021-06-29T10:42:56.671] [DEBUG] cheese - null
[2021-06-29T10:54:21.701] [DEBUG] cheese - login => username:admin,password:123456
[2021-06-29T10:54:21.702] [DEBUG] cheese - admin
[2021-06-29T10:54:21.705] [DEBUG] cheese - null
[2021-06-29T10:54:21.705] [DEBUG] cheese - null
[2021-06-29T14:20:30.074] [DEBUG] cheese - login => username:admin,password:123456
[2021-06-29T14:20:30.074] [DEBUG] cheese - admin
[2021-06-29T14:20:30.077] [DEBUG] cheese - null
[2021-06-29T14:20:30.077] [DEBUG] cheese - null
[2021-06-29T14:21:09.078] [DEBUG] cheese - login => username:admin,password:123456
[2021-06-29T14:21:09.078] [DEBUG] cheese - admin
[2021-06-29T14:21:09.080] [DEBUG] cheese - null
[2021-06-29T14:21:09.080] [DEBUG] cheese - null
[2021-06-29T14:30:18.540] [DEBUG] cheese - login => username:admin,password:123456
[2021-06-29T14:30:18.540] [DEBUG] cheese - admin
[2021-06-29T14:30:18.542] [DEBUG] cheese - null
[2021-06-29T14:30:18.542] [DEBUG] cheese - null
[2021-06-29T14:32:07.899] [DEBUG] cheese - login => username:admin,password:123456
[2021-06-29T14:32:07.899] [DEBUG] cheese - admin
[2021-06-29T14:32:07.902] [DEBUG] cheese - null
[2021-06-29T14:32:07.902] [DEBUG] cheese - null
[2021-06-29T14:39:29.103] [DEBUG] cheese - login => username:admin,password:123456
[2021-06-29T14:39:29.103] [DEBUG] cheese - admin
[2021-06-29T14:39:29.106] [DEBUG] cheese - null
[2021-06-29T14:39:29.106] [DEBUG] cheese - null
[2021-06-29T14:40:22.585] [DEBUG] cheese - login => username:admin,password:123456
[2021-06-29T14:40:22.585] [DEBUG] cheese - admin
[2021-06-29T14:40:22.587] [DEBUG] cheese - null
[2021-06-29T14:40:22.588] [DEBUG] cheese - null
[2021-06-29T16:17:33.835] [DEBUG] cheese - login => username:admin,password:123456
[2021-06-29T16:17:33.836] [DEBUG] cheese - admin
[2021-06-29T16:17:33.861] [DEBUG] cheese - null
[2021-06-29T16:17:33.861] [DEBUG] cheese - null
[2021-06-29T20:17:27.339] [DEBUG] cheese - login => username:admin,password:123456
[2021-06-29T20:17:27.340] [DEBUG] cheese - admin
[2021-06-29T20:17:27.343] [DEBUG] cheese - null
[2021-06-29T20:17:27.343] [DEBUG] cheese - null
[2021-06-29T20:24:24.082] [DEBUG] cheese - login => username:admin,password:123456
[2021-06-29T20:24:24.082] [DEBUG] cheese - admin
[2021-06-29T20:24:24.085] [DEBUG] cheese - null
[2021-06-29T20:24:24.085] [DEBUG] cheese - null
[2021-06-29T20:24:32.584] [DEBUG] cheese - login => username:admin,password:123456
[2021-06-29T20:24:32.585] [DEBUG] cheese - admin
[2021-06-29T20:24:32.587] [DEBUG] cheese - null
[2021-06-29T20:24:32.587] [DEBUG] cheese - null
[2021-06-29T22:08:40.914] [DEBUG] cheese - login => username:admin,password:123456
[2021-06-29T22:08:40.916] [DEBUG] cheese - admin
[2021-06-29T22:08:40.931] [DEBUG] cheese - null
[2021-06-29T22:08:40.931] [DEBUG] cheese - null
